<?xml version="1.0" encoding="UTF-8"?>
<!-- Generated by org.testng.reporters.JUnitXMLReporter -->
<testsuite hostname="IN-4DL5RV2-10" ignored="0" name="Default test" tests="3" failures="0" timestamp="02 Nov 2019 06:14:23 GMT" time="50.997" errors="0">
  <testcase name="doLogin" time="8.861" classname="ExcelDemo.TestNGBasics1"/>
  <testcase name="doLogin" time="8.603" classname="ExcelDemo.TestNGBasics1"/>
  <testcase name="doLogin" time="8.242" classname="ExcelDemo.TestNGBasics1"/>
</testsuite> <!-- Default test -->
